<?xml version="1.0" encoding="UTF-8"?>
<testsuite xmlns:xsi="http://www.w3.org/2001/XMLSchema-instance" xsi:noNamespaceSchemaLocation="https://maven.apache.org/surefire/maven-surefire-plugin/xsd/surefire-test-report-3.0.xsd" version="3.0" name="com.quiz.JpaSmokeTest" time="3.552" tests="3" errors="0" skipped="0" failures="0">
  <properties>
[...]
</properties>
  <testcase name="laBanqueDeQuizEstChargee" classname="com.quiz.JpaSmokeTest" time="0.547">
    <system-out><![CDATA[Hibernate: 
    drop table if exists choix cascade 
Hibernate: 
    drop table if exists participant cascade 
Hibernate: 
    drop table if exists question cascade 
Hibernate: 
    drop table if exists quiz cascade 
Hibernate: 
    drop table if exists reponse cascade 
Hibernate: 
    drop table if exists room cascade 
Hibernate: 
    drop table if exists theme cascade 
Hibernate: 
    create table choix (
        est_correct boolean not null,
        id bigint generated by default as identity,
        question_id bigint not null,
        texte varchar(255) not null,
        primary key (id)
    )
Hibernate: 
    create table participant (
        est_host boolean not null,
        est_joueur boolean not null,
        score integer not null,
        version integer not null,
        date_arrivee timestamp(6) not null,
        id bigint generated by default as identity,
        room_id bigint not null,
        pseudo varchar(50) not null,
        primary key (id)
    )
Hibernate: 
    create table question (
        duree_reponse_ms integer not null,
        ordre integer not null,
        id bigint generated by default as identity,
        quiz_id bigint not null,
        enonce varchar(500) not null,
        primary key (id)
    )
Hibernate: 
    create table quiz (
        id bigint generated by default as identity,
        theme_id bigint not null,
        titre varchar(150) not null,
        primary key (id)
    )
Hibernate: 
    create table reponse (
        correcte boolean not null,
        points_obtenus integer not null,
        choix_id bigint not null,
        date_reponse timestamp(6) not null,
        id bigint generated by default as identity,
        participant_id bigint not null,
        question_id bigint not null,
        temps_reponse_ms bigint not null,
        primary key (id),
        constraint uk_reponse_participant_question unique (participant_id, question_id)
    )
Hibernate: 
    create table room (
        question_courante integer not null,
        date_creation timestamp(6) not null,
        id bigint generated by default as identity,
        quiz_id bigint not null,
        timestamp_debut_question timestamp(6),
        code varchar(10) not null unique,
        statut varchar(20) not null check (statut in ('EN_ATTENTE','EN_COURS','TERMINEE')),
        primary key (id)
    )
Hibernate: 
    create table theme (
        id bigint generated by default as identity,
        nom varchar(100) not null unique,
        description varchar(255),
        primary key (id)
    )
Hibernate: 
    alter table if exists choix 
       add constraint FKtbpcarcolo5tyw601c257v472 
       foreign key (question_id) 
       references question
Hibernate: 
    alter table if exists participant 
       add constraint FK6urix8695eogaruawu46907yj 
       foreign key (room_id) 
       references room
Hibernate: 
    alter table if exists question 
       add constraint FKb0yh0c1qaxfwlcnwo9dms2txf 
       foreign key (quiz_id) 
       references quiz
Hibernate: 
    alter table if exists quiz 
       add constraint FK6rvu62l31nlab5gcj1bkcq555 
       foreign key (theme_id) 
       references theme
Hibernate: 
    alter table if exists reponse 
       add constraint FKpsy2dtra71bwln39fq0k72weo 
       foreign key (choix_id) 
       references choix
Hibernate: 
    alter table if exists reponse 
       add constraint FK1yu8tr0g8vhky3cnst08eow8g 
       foreign key (participant_id) 
       references participant
Hibernate: 
    alter table if exists reponse 
       add constraint FKp0yq2hox7fyw8rpbhx9t514rt 
       foreign key (question_id) 
       references question
Hibernate: 
    alter table if exists room 
       add constraint FKo6h5oywkirtyh5l8xfwlh9njw 
       foreign key (quiz_id) 
       references quiz
Hibernate: INSERT INTO theme (id, nom, description) VALUES (1, 'Culture generale', 'Un peu de tout pour tester ses connaissances')
Hibernate: INSERT INTO theme (id, nom, description) VALUES (2, 'Cinema', 'Films, acteurs et realisateurs')
Hibernate: INSERT INTO quiz (id, titre, theme_id) VALUES (1, 'Culture generale - Niveau facile', 1)
Hibernate: INSERT INTO quiz (id, titre, theme_id) VALUES (2, 'Films des annees 90', 2)
Hibernate: INSERT INTO question (id, enonce, ordre, duree_reponse_ms, quiz_id) VALUES (1, 'Quelle est la capitale de la France ?', 0, 15000, 1)
Hibernate: INSERT INTO question (id, enonce, ordre, duree_reponse_ms, quiz_id) VALUES (2, 'Combien y a-t-il de continents ?', 1, 15000, 1)
Hibernate: INSERT INTO question (id, enonce, ordre, duree_reponse_ms, quiz_id) VALUES (3, 'Quel est le plus grand ocean du monde ?', 2, 15000, 1)
Hibernate: INSERT INTO choix (id, texte, est_correct, question_id) VALUES (1, 'Paris', true, 1)
Hibernate: INSERT INTO choix (id, texte, est_correct, question_id) VALUES (2, 'Lyon', false, 1)
Hibernate: INSERT INTO choix (id, texte, est_correct, question_id) VALUES (3, 'Marseille', false, 1)
Hibernate: INSERT INTO choix (id, texte, est_correct, question_id) VALUES (4, 'Bordeaux', false, 1)
Hibernate: INSERT INTO choix (id, texte, est_correct, question_id) VALUES (5, '5', false, 2)
Hibernate: INSERT INTO choix (id, texte, est_correct, question_id) VALUES (6, '6', true, 2)
Hibernate: INSERT INTO choix (id, texte, est_correct, question_id) VALUES (7, '7', false, 2)
Hibernate: INSERT INTO choix (id, texte, est_correct, question_id) VALUES (8, '8', false, 2)
Hibernate: INSERT INTO choix (id, texte, est_correct, question_id) VALUES (9, 'Atlantique', false, 3)
Hibernate: INSERT INTO choix (id, texte, est_correct, question_id) VALUES (10, 'Indien', false, 3)
Hibernate: INSERT INTO choix (id, texte, est_correct, question_id) VALUES (11, 'Pacifique', true, 3)
Hibernate: INSERT INTO choix (id, texte, est_correct, question_id) VALUES (12, 'Arctique', false, 3)
Hibernate: INSERT INTO question (id, enonce, ordre, duree_reponse_ms, quiz_id) VALUES (4, 'Qui realise "Pulp Fiction" (1994) ?', 0, 20000, 2)
Hibernate: INSERT INTO question (id, enonce, ordre, duree_reponse_ms, quiz_id) VALUES (5, 'Quel film remporte l''Oscar du meilleur film en 1995 ?', 1, 20000, 2)
Hibernate: INSERT INTO choix (id, texte, est_correct, question_id) VALUES (13, 'Quentin Tarantino', true, 4)
Hibernate: INSERT INTO choix (id, texte, est_correct, question_id) VALUES (14, 'Martin Scorsese', false, 4)
Hibernate: INSERT INTO choix (id, texte, est_correct, question_id) VALUES (15, 'Steven Spielberg', false, 4)
Hibernate: INSERT INTO choix (id, texte, est_correct, question_id) VALUES (16, 'Forrest Gump', true, 5)
Hibernate: INSERT INTO choix (id, texte, est_correct, question_id) VALUES (17, 'Pulp Fiction', false, 5)
Hibernate: INSERT INTO choix (id, texte, est_correct, question_id) VALUES (18, 'Le Roi Lion', false, 5)
Hibernate: ALTER TABLE theme ALTER COLUMN id RESTART WITH 3
Hibernate: ALTER TABLE quiz ALTER COLUMN id RESTART WITH 3
Hibernate: ALTER TABLE question ALTER COLUMN id RESTART WITH 6
Hibernate: ALTER TABLE choix ALTER COLUMN id RESTART WITH 19
Hibernate: 
    select
        t1_0.id,
        t1_0.description,
        t1_0.nom 
    from
        theme t1_0
Hibernate: 
    select
        q1_0.id,
        q1_0.theme_id,
        q1_0.titre 
    from
        quiz q1_0 
    where
        q1_0.titre=?
Hibernate: 
    select
        q1_0.quiz_id,
        q1_0.id,
        q1_0.duree_reponse_ms,
        q1_0.enonce,
        q1_0.ordre 
    from
        question q1_0 
    where
        q1_0.quiz_id=? 
    order by
        q1_0.ordre
Hibernate: 
    select
        c1_0.question_id,
        c1_0.id,
        c1_0.est_correct,
        c1_0.texte 
    from
        choix c1_0 
    where
        c1_0.question_id=?
]]></system-out>
    <system-err><![CDATA[août 27, 2026 12:23:18 PM org.hibernate.jpa.internal.util.LogHelper logPersistenceUnitInformation
INFO: HHH000204: Processing PersistenceUnitInfo [name: quizPU-local]
août 27, 2026 12:23:18 PM org.hibernate.Version logVersion
INFO: HHH000412: Hibernate ORM core version 6.4.4.Final
août 27, 2026 12:23:18 PM org.hibernate.cache.internal.RegionFactoryInitiator initiateService
INFO: HHH000026: Second-level cache disabled
août 27, 2026 12:23:18 PM org.hibernate.engine.jdbc.connections.internal.DriverManagerConnectionProviderImpl configure
WARN: HHH10001002: Using built-in connection pool (not intended for production use)
août 27, 2026 12:23:18 PM org.hibernate.engine.jdbc.connections.internal.DriverManagerConnectionProviderImpl buildCreator
INFO: HHH10001005: Loaded JDBC driver class: org.h2.Driver
août 27, 2026 12:23:18 PM org.hibernate.engine.jdbc.connections.internal.DriverManagerConnectionProviderImpl buildCreator
INFO: HHH10001012: Connecting with JDBC URL [jdbc:h2:mem:quizdb;DB_CLOSE_DELAY=-1]
août 27, 2026 12:23:18 PM org.hibernate.engine.jdbc.connections.internal.DriverManagerConnectionProviderImpl buildCreator
INFO: HHH10001001: Connection properties: {user=sa, password=****}
août 27, 2026 12:23:18 PM org.hibernate.engine.jdbc.connections.internal.DriverManagerConnectionProviderImpl buildCreator
INFO: HHH10001003: Autocommit mode: false
août 27, 2026 12:23:18 PM org.hibernate.engine.jdbc.connections.internal.DriverManagerConnectionProviderImpl$PooledConnections <init>
INFO: HHH10001115: Connection pool size: 20 (min=1)
août 27, 2026 12:23:20 PM org.hibernate.engine.transaction.jta.platform.internal.JtaPlatformInitiator initiateService
INFO: HHH000489: No JTA platform available (set 'hibernate.transaction.jta.platform' to enable JTA platform integration)
août 27, 2026 12:23:20 PM org.hibernate.resource.transaction.backend.jdbc.internal.DdlTransactionIsolatorNonJtaImpl getIsolatedConnection
INFO: HHH10001501: Connection obtained from JdbcConnectionAccess [org.hibernate.engine.jdbc.env.internal.JdbcEnvironmentInitiator$ConnectionProviderJdbcConnectionAccess@5fb8dc01] for (non-JTA) DDL execution was not in auto-commit mode; the Connection 'local transaction' will be committed and the Connection will be set into auto-commit mode.
août 27, 2026 12:23:20 PM org.hibernate.resource.transaction.backend.jdbc.internal.DdlTransactionIsolatorNonJtaImpl getIsolatedConnection
INFO: HHH10001501: Connection obtained from JdbcConnectionAccess [org.hibernate.engine.jdbc.env.internal.JdbcEnvironmentInitiator$ConnectionProviderJdbcConnectionAccess@664db2ca] for (non-JTA) DDL execution was not in auto-commit mode; the Connection 'local transaction' will be committed and the Connection will be set into auto-commit mode.
]]></system-err>
  </testcase>
  <testcase name="onPeutSoumettreUneReponseEtMettreAJourLeScore" classname="com.quiz.JpaSmokeTest" time="0.129">
    <system-out><![CDATA[Hibernate: 
    select
        q1_0.id,
        q1_0.theme_id,
        q1_0.titre 
    from
        quiz q1_0 
    where
        q1_0.titre=?
Hibernate: 
    select
        t1_0.id,
        t1_0.description,
        t1_0.nom 
    from
        theme t1_0 
    where
        t1_0.id=?
Hibernate: 
    select
        q1_0.quiz_id,
        q1_0.id,
        q1_0.duree_reponse_ms,
        q1_0.enonce,
        q1_0.ordre 
    from
        question q1_0 
    where
        q1_0.quiz_id=? 
    order by
        q1_0.ordre
Hibernate: 
    select
        c1_0.question_id,
        c1_0.id,
        c1_0.est_correct,
        c1_0.texte 
    from
        choix c1_0 
    where
        c1_0.question_id=?
Hibernate: 
    insert 
    into
        room
        (code, date_creation, question_courante, quiz_id, statut, timestamp_debut_question, id) 
    values
        (?, ?, ?, ?, ?, ?, default)
Hibernate: 
    insert 
    into
        participant
        (date_arrivee, est_host, est_joueur, pseudo, room_id, score, version, id) 
    values
        (?, ?, ?, ?, ?, ?, ?, default)
Hibernate: 
    insert 
    into
        reponse
        (choix_id, correcte, date_reponse, participant_id, points_obtenus, question_id, temps_reponse_ms, id) 
    values
        (?, ?, ?, ?, ?, ?, ?, default)
Hibernate: 
    update
        room 
    set
        code=?,
        date_creation=?,
        question_courante=?,
        quiz_id=?,
        statut=?,
        timestamp_debut_question=? 
    where
        id=?
Hibernate: 
    update
        participant 
    set
        date_arrivee=?,
        est_host=?,
        est_joueur=?,
        pseudo=?,
        room_id=?,
        score=?,
        version=? 
    where
        id=? 
        and version=?
Hibernate: 
    insert 
    into
        reponse
        (choix_id, correcte, date_reponse, participant_id, points_obtenus, question_id, temps_reponse_ms, id) 
    values
        (?, ?, ?, ?, ?, ?, ?, default)
]]></system-out>
    <system-err><![CDATA[août 27, 2026 12:23:21 PM org.hibernate.engine.jdbc.spi.SqlExceptionHelper logExceptions
WARN: SQL Error: 23505, SQLState: 23505
août 27, 2026 12:23:21 PM org.hibernate.engine.jdbc.spi.SqlExceptionHelper logExceptions
ERROR: Violation d'index unique ou clé primaire: "PUBLIC.UK_REPONSE_PARTICIPANT_QUESTION_INDEX_6 ON PUBLIC.REPONSE(PARTICIPANT_ID NULLS FIRST, QUESTION_ID NULLS FIRST) VALUES ( /* key:1 */ CAST(1 AS BIGINT), CAST(1 AS BIGINT))"
Unique index or primary key violation: "PUBLIC.UK_REPONSE_PARTICIPANT_QUESTION_INDEX_6 ON PUBLIC.REPONSE(PARTICIPANT_ID NULLS FIRST, QUESTION_ID NULLS FIRST) VALUES ( /* key:1 */ CAST(1 AS BIGINT), CAST(1 AS BIGINT))"; SQL statement:
insert into reponse (choix_id,correcte,date_reponse,participant_id,points_obtenus,question_id,temps_reponse_ms,id) values (?,?,?,?,?,?,?,default) [23505-224]
]]></system-err>
  </testcase>
  <testcase name="onPeutCreerUneRoomEtRejoindre" classname="com.quiz.JpaSmokeTest" time="0.024">
    <system-out><![CDATA[Hibernate: 
    select
        q1_0.id,
        q1_0.theme_id,
        q1_0.titre 
    from
        quiz q1_0 
    fetch
        first ? rows only
Hibernate: 
    select
        t1_0.id,
        t1_0.description,
        t1_0.nom 
    from
        theme t1_0 
    where
        t1_0.id=?
Hibernate: 
    insert 
    into
        room
        (code, date_creation, question_courante, quiz_id, statut, timestamp_debut_question, id) 
    values
        (?, ?, ?, ?, ?, ?, default)
Hibernate: 
    insert 
    into
        participant
        (date_arrivee, est_host, est_joueur, pseudo, room_id, score, version, id) 
    values
        (?, ?, ?, ?, ?, ?, ?, default)
Hibernate: 
    insert 
    into
        participant
        (date_arrivee, est_host, est_joueur, pseudo, room_id, score, version, id) 
    values
        (?, ?, ?, ?, ?, ?, ?, default)
Hibernate: 
    select
        r1_0.id,
        r1_0.code,
        r1_0.date_creation,
        r1_0.question_courante,
        r1_0.quiz_id,
        r1_0.statut,
        r1_0.timestamp_debut_question 
    from
        room r1_0 
    where
        r1_0.code=?
]]></system-out>
  </testcase>
</testsuite>